#
# A fatal error has been detected by the Java Runtime Environment:
#
#  EXCEPTION_ACCESS_VIOLATION (0xc0000005) at pc=0x00000000546ba070, pid=160, tid=0x00000000000028b8
#
# JRE version: OpenJDK Runtime Environment (8.0_112-b06) (build 1.8.0_112-release-b06)
# Java VM: OpenJDK 64-Bit Server VM (25.112-b06 mixed mode windows-amd64 compressed oops)
# Problematic frame:
# V  [jvm.dll+0x8a070]
#
# Failed to write core dump. Minidumps are not enabled by default on client versions of Windows
#
# If you would like to submit a bug report, please visit:
#   http://bugreport.java.com/bugreport/crash.jsp
#

---------------  T H R E A D  ---------------

Current thread (0x000000000307a800):  GCTaskThread [stack: 0x0000000012b90000,0x0000000012c90000] [id=10424]

siginfo: ExceptionCode=0xc0000005, reading address 0x0000000000000008

Registers:
RAX=0x0000000000000000, RBX=0x00000000fc8623a8, RCX=0x00000000fc8623a8, RDX=0x0000000000000000
RSP=0x0000000012c8fad8, RBP=0x0000000012622881, RSI=0x00000000158f3380, RDI=0x00000000c0505210
R8 =0x00000000158f3380, R9 =0x0000000000000003, R10=0x0000000012830000, R11=0x0000000012230000
R12=0x0000000012622827, R13=0x0000000000000000, R14=0x0000000000000000, R15=0x000000000306d710
RIP=0x00000000546ba070, EFLAGS=0x0000000000010246

Top of Stack: (sp=0x0000000012c8fad8)
0x0000000012c8fad8:   00000000549fac22 00000000ee8e9e98
0x0000000012c8fae8:   0000000000000004 00000000158f3380
0x0000000012c8faf8:   00000000fcc23c48 00000000fd4d0000
0x0000000012c8fb08:   0000000000001000 0000000000000000
0x0000000012c8fb18:   0000000000000065 0000000000000000
0x0000000012c8fb28:   00000000158f3300 0000000012622827
0x0000000012c8fb38:   00000000549faf90 00000000c0505064
0x0000000012c8fb48:   0000000012622881 00000000158f3380
0x0000000012c8fb58:   00000000c0505210 00000000c0505064
0x0000000012c8fb68:   00000000549fbb35 00000000f7dc8aa0
0x0000000012c8fb78:   0000000012621a9e 00000000158f3380
0x0000000012c8fb88:   0000000000000003 00000000158f3380
0x0000000012c8fb98:   00000000546f616a 00000000c038f784
0x0000000012c8fba8:   000000005471ee60 00000000158f3380
0x0000000012c8fbb8:   000000005471cf83 00000000c04cdb35
0x0000000012c8fbc8:   00000000c04cdb35 00000000c0505064 

Instructions: (pc=0x00000000546ba070)
0x00000000546ba050:   1c 42 1d 00 48 8b 9c 24 c0 00 00 00 48 81 c4 b0
0x00000000546ba060:   00 00 00 5d c3 cc cc cc cc cc cc cc cc cc cc cc
0x00000000546ba070:   44 8b 42 08 4c 8b ca 45 85 c0 7e 0e 41 f6 c0 01
0x00000000546ba080:   75 57 41 c1 f8 03 41 8b c0 c3 79 4d 80 3d de d7 


Register to memory mapping:

RAX=0x0000000000000000 is an unknown value
RBX=0x00000000fc8623a8 is an unknown value
RCX=0x00000000fc8623a8 is an unknown value
RDX=0x0000000000000000 is an unknown value
RSP=0x0000000012c8fad8 is an unknown value
RBP=0x0000000012622881 is an unknown value
RSI=0x00000000158f3380 is an unknown value
RDI=0x00000000c0505210 is an oop
[C 
 - klass: {type array char}
 - length: 101
R8 =0x00000000158f3380 is an unknown value
R9 =0x0000000000000003 is an unknown value
R10=0x0000000012830000 is an unknown value
R11=0x0000000012230000 is an unknown value
R12=0x0000000012622827 is an unknown value
R13=0x0000000000000000 is an unknown value
R14=0x0000000000000000 is an unknown value
R15=0x000000000306d710 is an unknown value


Stack: [0x0000000012b90000,0x0000000012c90000],  sp=0x0000000012c8fad8,  free space=1022k
Native frames: (J=compiled Java code, j=interpreted, Vv=VM code, C=native code)
V  [jvm.dll+0x8a070]


---------------  P R O C E S S  ---------------

Java Threads: ( => current thread )
  0x000000001c25d000 JavaThread "Stdin handler" [_thread_blocked, id=4768, stack(0x0000000044b40000,0x0000000044c40000)]
  0x000000001c260000 JavaThread "Asynchronous log dispatcher for DefaultDaemonConnection: socket connection from /127.0.0.1:49513 to /127.0.0.1:49266" [_thread_blocked, id=7972, stack(0x0000000044a40000,0x0000000044b40000)]
  0x000000001c25e800 JavaThread "Daemon worker Thread 16" [_thread_blocked, id=7124, stack(0x0000000044940000,0x0000000044a40000)]
  0x000000001c261800 JavaThread "Cancel handler" [_thread_blocked, id=7216, stack(0x0000000044840000,0x0000000044940000)]
  0x000000001c25f000 JavaThread "Handler for socket connection from /127.0.0.1:49513 to /127.0.0.1:49266" [_thread_in_native, id=12196, stack(0x0000000044740000,0x0000000044840000)]
  0x000000001c25d800 JavaThread "Daemon Thread 16" [_thread_blocked, id=6088, stack(0x0000000044640000,0x0000000044740000)]
  0x000000001d655800 JavaThread "pool-9-thread-4" [_thread_blocked, id=7228, stack(0x0000000024d40000,0x0000000024e40000)]
  0x000000001c265000 JavaThread "pool-9-thread-3" [_thread_blocked, id=7544, stack(0x0000000023d40000,0x0000000023e40000)]
  0x000000001c263800 JavaThread "pool-9-thread-2" [_thread_blocked, id=8076, stack(0x0000000023c40000,0x0000000023d40000)]
  0x000000001c266000 JavaThread "pool-9-thread-1" [_thread_blocked, id=4580, stack(0x0000000023b40000,0x0000000023c40000)]
  0x0000000018efa800 JavaThread "File lock request listener" [_thread_in_native, id=9020, stack(0x000000001b330000,0x000000001b430000)]
  0x0000000018573000 JavaThread "pool-1-thread-1" [_thread_blocked, id=5436, stack(0x0000000019b00000,0x0000000019c00000)]
  0x0000000018ade800 JavaThread "Incoming local TCP Connector on port 49513" [_thread_in_native, id=8216, stack(0x0000000018f70000,0x0000000019070000)]
  0x00000000171c8800 JavaThread "Service Thread" daemon [_thread_blocked, id=3084, stack(0x00000000175a0000,0x00000000176a0000)]
  0x0000000015934800 JavaThread "C1 CompilerThread2" daemon [_thread_blocked, id=1424, stack(0x00000000170a0000,0x00000000171a0000)]
  0x0000000015931000 JavaThread "C2 CompilerThread1" daemon [_thread_blocked, id=5972, stack(0x0000000016fa0000,0x00000000170a0000)]
  0x000000001592d800 JavaThread "C2 CompilerThread0" daemon [_thread_blocked, id=11780, stack(0x0000000016ea0000,0x0000000016fa0000)]
  0x000000001592c000 JavaThread "Attach Listener" daemon [_thread_blocked, id=9068, stack(0x0000000016da0000,0x0000000016ea0000)]
  0x000000001592b000 JavaThread "Signal Dispatcher" daemon [_thread_blocked, id=4752, stack(0x0000000016ca0000,0x0000000016da0000)]
  0x0000000003157800 JavaThread "Finalizer" daemon [_thread_blocked, id=6720, stack(0x0000000016ba0000,0x0000000016ca0000)]
  0x0000000003152000 JavaThread "Reference Handler" daemon [_thread_blocked, id=6444, stack(0x0000000016aa0000,0x0000000016ba0000)]
  0x000000000325d800 JavaThread "main" [_thread_blocked, id=6564, stack(0x0000000002e80000,0x0000000002f80000)]

Other Threads:
  0x00000000158f4800 VMThread [stack: 0x00000000169a0000,0x0000000016aa0000] [id=12852]
  0x000000001598e800 WatcherThread [stack: 0x00000000176a0000,0x00000000177a0000] [id=5464]

=>0x000000000307a800 (exited) GCTaskThread [stack: 0x0000000012b90000,0x0000000012c90000] [id=10424]

VM state:at safepoint (normal execution)

VM Mutex/Monitor currently owned by a thread:  ([mutex/lock_event])
[0x000000000325cc10] Threads_lock - owner thread: 0x00000000158f4800
[0x000000000325cc90] Heap_lock - owner thread: 0x000000001c25e800

Heap:
 PSYoungGen      total 271872K, used 271851K [0x00000000eab00000, 0x00000000fe080000, 0x0000000100000000)
  eden space 248832K, 100% used [0x00000000eab00000,0x00000000f9e00000,0x00000000f9e00000)
  from space 23040K, 99% used [0x00000000fbb80000,0x00000000fd1faed8,0x00000000fd200000)
  to   space 14848K, 76% used [0x00000000fd200000,0x00000000fdd12418,0x00000000fe080000)
 ParOldGen       total 179712K, used 75801K [0x00000000c0000000, 0x00000000caf80000, 0x00000000eab00000)
  object space 179712K, 42% used [0x00000000c0000000,0x00000000c4a06400,0x00000000caf80000)
 Metaspace       used 77820K, capacity 84918K, committed 85080K, reserved 1124352K
  class space    used 10063K, capacity 11008K, committed 11096K, reserved 1048576K

Card table byte_map: [0x0000000012620000,0x0000000012830000] byte_map_base: 0x0000000012020000

Marking Bits: (ParMarkBitMap*) 0x0000000054df18f0
 Begin Bits: [0x0000000012d90000, 0x0000000013d90000)
 End Bits:   [0x0000000013d90000, 0x0000000014d90000)

Polling page: 0x00000000011d0000

CodeCache: size=245760Kb used=58138Kb max_used=58149Kb free=187621Kb
 bounds [0x0000000003260000, 0x0000000006b90000, 0x0000000012260000]
 total_blobs=17030 nmethods=16235 adapters=706
 compilation: enabled

Compilation events (10 events):
Event: 13820.478 Thread 0x000000001592d800 nmethod 20525 0x0000000006b79350 code [0x0000000006b794a0, 0x0000000006b795d8]
Event: 13820.550 Thread 0x0000000015931000 20526       4       com.sun.org.apache.xerces.internal.impl.dtd.XMLDTDValidator::emptyElement (41 bytes)
Event: 13820.552 Thread 0x0000000015931000 nmethod 20526 0x0000000006b78e50 code [0x0000000006b78fc0, 0x0000000006b79130]
Event: 13820.559 Thread 0x000000001592d800 20527       4       org.gradle.api.internal.artifacts.ivyservice.resolveengine.graph.DependencyGraphBuilder$DependencyEdge::attachToTargetConfigurations (79 bytes)
Event: 13820.565 Thread 0x0000000015931000 20528       4       com.sun.org.apache.xerces.internal.impl.XMLNSDocumentScannerImpl::<init> (15 bytes)
Event: 13820.566 Thread 0x0000000015931000 nmethod 20528 0x0000000004f8f110 code [0x0000000004f8f260, 0x0000000004f8f2e8]
Event: 13820.566 Thread 0x0000000015931000 20529       4       com.sun.org.apache.xerces.internal.impl.XMLDTDScannerImpl::getRecognizedProperties (13 bytes)
Event: 13820.567 Thread 0x0000000015931000 nmethod 20529 0x0000000006b78b50 code [0x0000000006b78ca0, 0x0000000006b78d98]
Event: 13820.567 Thread 0x0000000015931000 20530       4       com.sun.org.apache.xerces.internal.impl.XMLVersionDetector::<init> (137 bytes)
Event: 13820.569 Thread 0x0000000015931000 nmethod 20530 0x0000000006b7d910 code [0x0000000006b7da60, 0x0000000006b7dc18]

GC Heap History (10 events):
Event: 12120.630 GC heap after
Heap after GC invocations=32 (full 3):
 PSYoungGen      total 271360K, used 16325K [0x00000000eab00000, 0x00000000feb80000, 0x0000000100000000)
  eden space 242688K, 0% used [0x00000000eab00000,0x00000000eab00000,0x00000000f9800000)
  from space 28672K, 56% used [0x00000000f9800000,0x00000000fa7f1408,0x00000000fb400000)
  to   space 28160K, 0% used [0x00000000fd000000,0x00000000fd000000,0x00000000feb80000)
 ParOldGen       total 179712K, used 75777K [0x00000000c0000000, 0x00000000caf80000, 0x00000000eab00000)
  object space 179712K, 42% used [0x00000000c0000000,0x00000000c4a00400,0x00000000caf80000)
 Metaspace       used 76522K, capacity 82522K, committed 82776K, reserved 1122304K
  class space    used 9899K, capacity 10776K, committed 10840K, reserved 1048576K
}
Event: 12178.813 GC heap before
{Heap before GC invocations=33 (full 3):
 PSYoungGen      total 271360K, used 259013K [0x00000000eab00000, 0x00000000feb80000, 0x0000000100000000)
  eden space 242688K, 100% used [0x00000000eab00000,0x00000000f9800000,0x00000000f9800000)
  from space 28672K, 56% used [0x00000000f9800000,0x00000000fa7f1408,0x00000000fb400000)
  to   space 28160K, 0% used [0x00000000fd000000,0x00000000fd000000,0x00000000feb80000)
 ParOldGen       total 179712K, used 75777K [0x00000000c0000000, 0x00000000caf80000, 0x00000000eab00000)
  object space 179712K, 42% used [0x00000000c0000000,0x00000000c4a00400,0x00000000caf80000)
 Metaspace       used 76592K, capacity 82700K, committed 82776K, reserved 1122304K
  class space    used 9908K, capacity 10787K, committed 10840K, reserved 1048576K
Event: 12178.843 GC heap after
Heap after GC invocations=33 (full 3):
 PSYoungGen      total 289792K, used 18745K [0x00000000eab00000, 0x00000000fe680000, 0x0000000100000000)
  eden space 266752K, 0% used [0x00000000eab00000,0x00000000eab00000,0x00000000faf80000)
  from space 23040K, 81% used [0x00000000fd000000,0x00000000fe24e5c0,0x00000000fe680000)
  to   space 28160K, 0% used [0x00000000faf80000,0x00000000faf80000,0x00000000fcb00000)
 ParOldGen       total 179712K, used 75777K [0x00000000c0000000, 0x00000000caf80000, 0x00000000eab00000)
  object space 179712K, 42% used [0x00000000c0000000,0x00000000c4a00400,0x00000000caf80000)
 Metaspace       used 76592K, capacity 82700K, committed 82776K, reserved 1122304K
  class space    used 9908K, capacity 10787K, committed 10840K, reserved 1048576K
}
Event: 13120.123 GC heap before
{Heap before GC invocations=34 (full 3):
 PSYoungGen      total 289792K, used 285497K [0x00000000eab00000, 0x00000000fe680000, 0x0000000100000000)
  eden space 266752K, 100% used [0x00000000eab00000,0x00000000faf80000,0x00000000faf80000)
  from space 23040K, 81% used [0x00000000fd000000,0x00000000fe24e5c0,0x00000000fe680000)
  to   space 28160K, 0% used [0x00000000faf80000,0x00000000faf80000,0x00000000fcb00000)
 ParOldGen       total 179712K, used 75777K [0x00000000c0000000, 0x00000000caf80000, 0x00000000eab00000)
  object space 179712K, 42% used [0x00000000c0000000,0x00000000c4a00400,0x00000000caf80000)
 Metaspace       used 77044K, capacity 83422K, committed 83672K, reserved 1122304K
  class space    used 9966K, capacity 10874K, committed 10968K, reserved 1048576K
Event: 13120.139 GC heap after
Heap after GC invocations=34 (full 3):
 PSYoungGen      total 294912K, used 10793K [0x00000000eab00000, 0x00000000ffb00000, 0x0000000100000000)
  eden space 266752K, 0% used [0x00000000eab00000,0x00000000eab00000,0x00000000faf80000)
  from space 28160K, 38% used [0x00000000faf80000,0x00000000fba0a5d0,0x00000000fcb00000)
  to   space 27648K, 0% used [0x00000000fe000000,0x00000000fe000000,0x00000000ffb00000)
 ParOldGen       total 179712K, used 75777K [0x00000000c0000000, 0x00000000caf80000, 0x00000000eab00000)
  object space 179712K, 42% used [0x00000000c0000000,0x00000000c4a00400,0x00000000caf80000)
 Metaspace       used 77044K, capacity 83422K, committed 83672K, reserved 1122304K
  class space    used 9966K, capacity 10874K, committed 10968K, reserved 1048576K
}
Event: 13315.981 GC heap before
{Heap before GC invocations=35 (full 3):
 PSYoungGen      total 294912K, used 277545K [0x00000000eab00000, 0x00000000ffb00000, 0x0000000100000000)
  eden space 266752K, 100% used [0x00000000eab00000,0x00000000faf80000,0x00000000faf80000)
  from space 28160K, 38% used [0x00000000faf80000,0x00000000fba0a5d0,0x00000000fcb00000)
  to   space 27648K, 0% used [0x00000000fe000000,0x00000000fe000000,0x00000000ffb00000)
 ParOldGen       total 179712K, used 75777K [0x00000000c0000000, 0x00000000caf80000, 0x00000000eab00000)
  object space 179712K, 42% used [0x00000000c0000000,0x00000000c4a00400,0x00000000caf80000)
 Metaspace       used 77330K, capacity 83944K, committed 84184K, reserved 1122304K
  class space    used 9994K, capacity 10913K, committed 10968K, reserved 1048576K
Event: 13316.005 GC heap after
Heap after GC invocations=35 (full 3):
 PSYoungGen      total 275456K, used 17449K [0x00000000eab00000, 0x00000000ff180000, 0x0000000100000000)
  eden space 257536K, 0% used [0x00000000eab00000,0x00000000eab00000,0x00000000fa680000)
  from space 17920K, 97% used [0x00000000fe000000,0x00000000ff10a5f0,0x00000000ff180000)
  to   space 27648K, 0% used [0x00000000fbb80000,0x00000000fbb80000,0x00000000fd680000)
 ParOldGen       total 179712K, used 75785K [0x00000000c0000000, 0x00000000caf80000, 0x00000000eab00000)
  object space 179712K, 42% used [0x00000000c0000000,0x00000000c4a02400,0x00000000caf80000)
 Metaspace       used 77330K, capacity 83944K, committed 84184K, reserved 1122304K
  class space    used 9994K, capacity 10913K, committed 10968K, reserved 1048576K
}
Event: 13386.174 GC heap before
{Heap before GC invocations=36 (full 3):
 PSYoungGen      total 275456K, used 274942K [0x00000000eab00000, 0x00000000ff180000, 0x0000000100000000)
  eden space 257536K, 99% used [0x00000000eab00000,0x00000000fa675220,0x00000000fa680000)
  from space 17920K, 97% used [0x00000000fe000000,0x00000000ff10a5f0,0x00000000ff180000)
  to   space 27648K, 0% used [0x00000000fbb80000,0x00000000fbb80000,0x00000000fd680000)
 ParOldGen       total 179712K, used 75785K [0x00000000c0000000, 0x00000000caf80000, 0x00000000eab00000)
  object space 179712K, 42% used [0x00000000c0000000,0x00000000c4a02400,0x00000000caf80000)
 Metaspace       used 77572K, capacity 84546K, committed 84696K, reserved 1122304K
  class space    used 10025K, capacity 10964K, committed 10968K, reserved 1048576K
Event: 13386.192 GC heap after
Heap after GC invocations=36 (full 3):
 PSYoungGen      total 271872K, used 23019K [0x00000000eab00000, 0x00000000fe080000, 0x0000000100000000)
  eden space 248832K, 0% used [0x00000000eab00000,0x00000000eab00000,0x00000000f9e00000)
  from space 23040K, 99% used [0x00000000fbb80000,0x00000000fd1faed8,0x00000000fd200000)
  to   space 14848K, 0% used [0x00000000fd200000,0x00000000fd200000,0x00000000fe080000)
 ParOldGen       total 179712K, used 75793K [0x00000000c0000000, 0x00000000caf80000, 0x00000000eab00000)
  object space 179712K, 42% used [0x00000000c0000000,0x00000000c4a04400,0x00000000caf80000)
 Metaspace       used 77572K, capacity 84546K, committed 84696K, reserved 1122304K
  class space    used 10025K, capacity 10964K, committed 10968K, reserved 1048576K
}
Event: 13820.584 GC heap before
{Heap before GC invocations=37 (full 3):
 PSYoungGen      total 271872K, used 271851K [0x00000000eab00000, 0x00000000fe080000, 0x0000000100000000)
  eden space 248832K, 100% used [0x00000000eab00000,0x00000000f9e00000,0x00000000f9e00000)
  from space 23040K, 99% used [0x00000000fbb80000,0x00000000fd1faed8,0x00000000fd200000)
  to   space 14848K, 0% used [0x00000000fd200000,0x00000000fd200000,0x00000000fe080000)
 ParOldGen       total 179712K, used 75793K [0x00000000c0000000, 0x00000000caf80000, 0x00000000eab00000)
  object space 179712K, 42% used [0x00000000c0000000,0x00000000c4a04400,0x00000000caf80000)
 Metaspace       used 77820K, capacity 84918K, committed 85080K, reserved 1124352K
  class space    used 10063K, capacity 11008K, committed 11096K, reserved 1048576K

Deoptimization events (10 events):
Event: 12373.909 Thread 0x000000001d653000 Uncommon trap: reason=array_check action=maybe_recompile pc=0x0000000004ad2790 method=com.google.common.collect.ImmutableSet.construct(I[Ljava/lang/Object;)Lcom/google/common/collect/ImmutableSet; @ 122
Event: 13121.526 Thread 0x000000001d652800 Uncommon trap: reason=class_check action=maybe_recompile pc=0x0000000003aad070 method=com.google.common.collect.AbstractMapBasedMultimap$Itr.next()Ljava/lang/Object; @ 42
Event: 13121.526 Thread 0x000000001d652800 Uncommon trap: reason=bimorphic action=maybe_recompile pc=0x000000000519fcb4 method=com.google.common.collect.AbstractMapBasedMultimap$Itr.hasNext()Z @ 16
Event: 13121.551 Thread 0x000000001d652800 Uncommon trap: reason=class_check action=maybe_recompile pc=0x0000000003aad070 method=com.google.common.collect.AbstractMapBasedMultimap$Itr.next()Ljava/lang/Object; @ 42
Event: 13121.551 Thread 0x000000001d652800 Uncommon trap: reason=bimorphic action=maybe_recompile pc=0x000000000519fcb4 method=com.google.common.collect.AbstractMapBasedMultimap$Itr.hasNext()Z @ 16
Event: 13121.593 Thread 0x000000001d652800 Uncommon trap: reason=unstable_if action=reinterpret pc=0x000000000381a510 method=java.lang.ref.SoftReference.get()Ljava/lang/Object; @ 6
Event: 13121.621 Thread 0x000000001d652800 Uncommon trap: reason=class_check action=maybe_recompile pc=0x0000000005cc8ea4 method=sun.misc.URLClassPath$1.next()Z @ 46
Event: 13121.783 Thread 0x000000001d652800 Uncommon trap: reason=unstable_if action=reinterpret pc=0x000000000371bda8 method=com.sun.tools.javac.code.Scope.lookup(Lcom/sun/tools/javac/util/Name;Lcom/sun/tools/javac/util/Filter;)Lcom/sun/tools/javac/code/Scope$Entry; @ 19
Event: 13316.328 Thread 0x000000001d652800 Uncommon trap: reason=class_check action=maybe_recompile pc=0x0000000005cc8ea4 method=sun.misc.URLClassPath$1.next()Z @ 46
Event: 13384.275 Thread 0x000000001d64b800 Uncommon trap: reason=class_check action=maybe_recompile pc=0x0000000005cc8ea4 method=sun.misc.URLClassPath$1.next()Z @ 46

Internal exceptions (10 events):
Event: 13454.353 Thread 0x000000001d64e800 Exception <a 'sun/nio/fs/WindowsException'> (0x00000000f5053690) thrown at [C:\src\android\AOSP-openjdk\external\jetbrains\jdk\hotspot\src\share\vm\prims\jni.cpp, line 709]
Event: 13454.353 Thread 0x000000001d64e800 Exception <a 'sun/nio/fs/WindowsException'> (0x00000000f50552a8) thrown at [C:\src\android\AOSP-openjdk\external\jetbrains\jdk\hotspot\src\share\vm\prims\jni.cpp, line 709]
Event: 13454.353 Thread 0x000000001d64e800 Exception <a 'sun/nio/fs/WindowsException'> (0x00000000f5055ec8) thrown at [C:\src\android\AOSP-openjdk\external\jetbrains\jdk\hotspot\src\share\vm\prims\jni.cpp, line 709]
Event: 13454.353 Thread 0x000000001d64e800 Exception <a 'sun/nio/fs/WindowsException'> (0x00000000f5058900) thrown at [C:\src\android\AOSP-openjdk\external\jetbrains\jdk\hotspot\src\share\vm\prims\jni.cpp, line 709]
Event: 13454.353 Thread 0x000000001d64e800 Exception <a 'sun/nio/fs/WindowsException'> (0x00000000f50595c0) thrown at [C:\src\android\AOSP-openjdk\external\jetbrains\jdk\hotspot\src\share\vm\prims\jni.cpp, line 709]
Event: 13454.354 Thread 0x000000001d64e800 Exception <a 'sun/nio/fs/WindowsException'> (0x00000000f505b2c8) thrown at [C:\src\android\AOSP-openjdk\external\jetbrains\jdk\hotspot\src\share\vm\prims\jni.cpp, line 709]
Event: 13454.354 Thread 0x000000001d64e800 Exception <a 'sun/nio/fs/WindowsException'> (0x00000000f505bfc0) thrown at [C:\src\android\AOSP-openjdk\external\jetbrains\jdk\hotspot\src\share\vm\prims\jni.cpp, line 709]
Event: 13455.582 Thread 0x000000001d64e800 Exception <a 'sun/nio/fs/WindowsException'> (0x00000000f75c4fa0) thrown at [C:\src\android\AOSP-openjdk\external\jetbrains\jdk\hotspot\src\share\vm\prims\jni.cpp, line 709]
Event: 13820.436 Thread 0x000000001c25e800 Exception <a 'java/lang/ClassNotFoundException': asLocalRepo760_a5dz0ppp38lkba3ewldva76fjBeanInfo> (0x00000000f7c913d8) thrown at [C:\src\android\AOSP-openjdk\external\jetbrains\jdk\hotspot\src\share\vm\classfile\systemDictionary.cpp, line 210]
Event: 13820.436 Thread 0x000000001c25e800 Exception <a 'java/lang/ClassNotFoundException': asLocalRepo760_a5dz0ppp38lkba3ewldva76fjCustomizer> (0x00000000f7c9c390) thrown at [C:\src\android\AOSP-openjdk\external\jetbrains\jdk\hotspot\src\share\vm\classfile\systemDictionary.cpp, line 210]

Events (10 events):
Event: 13820.450 loading class groovy/runtime/metaclass/asLocalRepo760_a5dz0ppp38lkba3ewldva76fj$_run_closure1$_closure2$_closure4$_closure5MetaClass done
Event: 13820.450 loading class asLocalRepo760_a5dz0ppp38lkba3ewldva76fj$_run_closure1$_closure3
Event: 13820.450 loading class asLocalRepo760_a5dz0ppp38lkba3ewldva76fj$_run_closure1$_closure3 done
Event: 13820.451 loading class groovy/runtime/metaclass/asLocalRepo760_a5dz0ppp38lkba3ewldva76fj$_run_closure1$_closure3MetaClass
Event: 13820.451 loading class groovy/runtime/metaclass/asLocalRepo760_a5dz0ppp38lkba3ewldva76fj$_run_closure1$_closure3MetaClass done
Event: 13820.452 loading class asLocalRepo760_a5dz0ppp38lkba3ewldva76fj$_run_closure1$_closure3$_closure6
Event: 13820.452 loading class asLocalRepo760_a5dz0ppp38lkba3ewldva76fj$_run_closure1$_closure3$_closure6 done
Event: 13820.452 loading class groovy/runtime/metaclass/asLocalRepo760_a5dz0ppp38lkba3ewldva76fj$_run_closure1$_closure3$_closure6MetaClass
Event: 13820.452 loading class groovy/runtime/metaclass/asLocalRepo760_a5dz0ppp38lkba3ewldva76fj$_run_closure1$_closure3$_closure6MetaClass done
Event: 13820.584 Executing VM operation: ParallelGCFailedAllocation


Dynamic libraries:
0x00007ff6efb80000 - 0x00007ff6efbb1000 	C:\Program Files\Android\Android Studio\jre\bin\java.exe
0x00007ff8c12f0000 - 0x00007ff8c14cb000 	C:\Windows\SYSTEM32\ntdll.dll
0x00007ff8beec0000 - 0x00007ff8bef6e000 	C:\Windows\System32\KERNEL32.DLL
0x00007ff8bd960000 - 0x00007ff8bdba9000 	C:\Windows\System32\KERNELBASE.dll
0x00007ff8c0d10000 - 0x00007ff8c0db1000 	C:\Windows\System32\ADVAPI32.dll
0x00007ff8bef70000 - 0x00007ff8bf00d000 	C:\Windows\System32\msvcrt.dll
0x00007ff8bed50000 - 0x00007ff8beda9000 	C:\Windows\System32\sechost.dll
0x00007ff8bebf0000 - 0x00007ff8bed15000 	C:\Windows\System32\RPCRT4.dll
0x00007ff8c0920000 - 0x00007ff8c0a6a000 	C:\Windows\System32\USER32.dll
0x00007ff8bdc80000 - 0x00007ff8bdc9e000 	C:\Windows\System32\win32u.dll
0x00007ff8c0cc0000 - 0x00007ff8c0ce7000 	C:\Windows\System32\GDI32.dll
0x00007ff8bdf20000 - 0x00007ff8be0a8000 	C:\Windows\System32\gdi32full.dll
0x00007ff8be0b0000 - 0x00007ff8be14a000 	C:\Windows\System32\msvcp_win.dll
0x00007ff8bd810000 - 0x00007ff8bd906000 	C:\Windows\System32\ucrtbase.dll
0x00007ff8b0610000 - 0x00007ff8b0877000 	C:\Windows\WinSxS\amd64_microsoft.windows.common-controls_6595b64144ccf1df_6.0.15063.483_none_26002d27e7c744a2\COMCTL32.dll
0x00007ff8bf010000 - 0x00007ff8bf309000 	C:\Windows\System32\combase.dll
0x00007ff8bdc10000 - 0x00007ff8bdc7a000 	C:\Windows\System32\bcryptPrimitives.dll
0x00007ff8bed20000 - 0x00007ff8bed4d000 	C:\Windows\System32\IMM32.DLL
0x0000000054470000 - 0x0000000054542000 	C:\Program Files\Android\Android Studio\jre\jre\bin\msvcr100.dll
0x0000000054630000 - 0x0000000054e6c000 	C:\Program Files\Android\Android Studio\jre\jre\bin\server\jvm.dll
0x00007ff8c0e40000 - 0x00007ff8c0e48000 	C:\Windows\System32\PSAPI.DLL
0x00007ff8b8b80000 - 0x00007ff8b8b89000 	C:\Windows\SYSTEM32\WSOCK32.dll
0x00007ff8bb200000 - 0x00007ff8bb223000 	C:\Windows\SYSTEM32\WINMM.dll
0x00007ff8bbc40000 - 0x00007ff8bbc4a000 	C:\Windows\SYSTEM32\VERSION.dll
0x00007ff8c0dc0000 - 0x00007ff8c0e2c000 	C:\Windows\System32\WS2_32.dll
0x00007ff8baf40000 - 0x00007ff8baf6b000 	C:\Windows\SYSTEM32\WINMMBASE.dll
0x00007ff8bd910000 - 0x00007ff8bd959000 	C:\Windows\System32\cfgmgr32.dll
0x00007ff8b85d0000 - 0x00007ff8b85df000 	C:\Program Files\Android\Android Studio\jre\jre\bin\verify.dll
0x00007ff8acb90000 - 0x00007ff8acbb9000 	C:\Program Files\Android\Android Studio\jre\jre\bin\java.dll
0x00007ff8ae6d0000 - 0x00007ff8ae6e6000 	C:\Program Files\Android\Android Studio\jre\jre\bin\zip.dll
0x00007ff8bf480000 - 0x00007ff8c08b6000 	C:\Windows\System32\SHELL32.dll
0x00007ff8bf310000 - 0x00007ff8bf3ba000 	C:\Windows\System32\shcore.dll
0x00007ff8be150000 - 0x00007ff8be843000 	C:\Windows\System32\windows.storage.dll
0x00007ff8c08c0000 - 0x00007ff8c0911000 	C:\Windows\System32\shlwapi.dll
0x00007ff8bd7f0000 - 0x00007ff8bd801000 	C:\Windows\System32\kernel.appcore.dll
0x00007ff8bd7a0000 - 0x00007ff8bd7ec000 	C:\Windows\System32\powrprof.dll
0x00007ff8bd760000 - 0x00007ff8bd775000 	C:\Windows\System32\profapi.dll
0x00007ff8aaf20000 - 0x00007ff8aaf3a000 	C:\Program Files\Android\Android Studio\jre\jre\bin\net.dll
0x00007ff8bcce0000 - 0x00007ff8bcd3c000 	C:\Windows\system32\mswsock.dll
0x00007ff8aaf00000 - 0x00007ff8aaf11000 	C:\Program Files\Android\Android Studio\jre\jre\bin\nio.dll
0x00007ff8b85e0000 - 0x00007ff8b85fe000 	C:\Users\pyrov\.gradle\native\23\windows-amd64\native-platform.dll
0x00007ff8bd0a0000 - 0x00007ff8bd0b7000 	C:\Windows\SYSTEM32\CRYPTSP.dll
0x00007ff8bc900000 - 0x00007ff8bc934000 	C:\Windows\system32\rsaenh.dll
0x00007ff8bd630000 - 0x00007ff8bd655000 	C:\Windows\SYSTEM32\bcrypt.dll
0x00007ff8bd660000 - 0x00007ff8bd689000 	C:\Windows\SYSTEM32\USERENV.dll
0x00007ff8bce80000 - 0x00007ff8bce8b000 	C:\Windows\SYSTEM32\CRYPTBASE.dll
0x00007ff8bca80000 - 0x00007ff8bcab7000 	C:\Windows\SYSTEM32\IPHLPAPI.DLL
0x00007ff8c0e30000 - 0x00007ff8c0e38000 	C:\Windows\System32\NSI.dll
0x00007ff8b7080000 - 0x00007ff8b7096000 	C:\Windows\SYSTEM32\dhcpcsvc6.DLL
0x00007ff8b7a90000 - 0x00007ff8b7aaa000 	C:\Windows\SYSTEM32\dhcpcsvc.DLL
0x00007ff8b8470000 - 0x00007ff8b847d000 	C:\Program Files\Android\Android Studio\jre\jre\bin\management.dll
0x00007ff8bc640000 - 0x00007ff8bc671000 	C:\Windows\SYSTEM32\ntmarta.dll
0x00007ff8afc40000 - 0x00007ff8afc64000 	C:\Program Files\Android\Android Studio\jre\jre\bin\sunec.dll
0x00007ff8af4a0000 - 0x00007ff8af4ab000 	C:\Program Files\Android\Android Studio\jre\jre\bin\sunmscapi.dll
0x00007ff8bdd50000 - 0x00007ff8bdf19000 	C:\Windows\System32\CRYPT32.dll
0x00007ff8bd780000 - 0x00007ff8bd791000 	C:\Windows\System32\MSASN1.dll
0x00007ff8bd130000 - 0x00007ff8bd2d9000 	C:\Windows\SYSTEM32\dbghelp.dll

VM Arguments:
jvm_args: -XX:MaxPermSize=256m -XX:+HeapDumpOnOutOfMemoryError -Xmx1024m -Dfile.encoding=windows-1251 -Duser.country=RU -Duser.language=ru -Duser.variant 
java_command: org.gradle.launcher.daemon.bootstrap.GradleDaemon 3.3
java_class_path (initial): C:\Users\pyrov\.gradle\wrapper\dists\gradle-3.3-all\55gk2rcmfc6p2dg9u9ohc3hw9\gradle-3.3\lib\gradle-launcher-3.3.jar
Launcher Type: SUN_STANDARD

Environment Variables:
PATH=C:\Windows\system32;C:\Windows;C:\Windows\System32\Wbem;C:\Windows\System32\WindowsPowerShell\v1.0\;C:\Program Files (x86)\NVIDIA Corporation\PhysX\Common;C:\Users\pyrov\AppData\Local\Microsoft\WindowsApps;
USERNAME=pyrov
OS=Windows_NT
PROCESSOR_IDENTIFIER=Intel64 Family 6 Model 69 Stepping 1, GenuineIntel



---------------  S Y S T E M  ---------------

OS: Windows 10.0 , 64 bit Build 15063 (10.0.15063.296)

CPU:total 4 (2 cores per cpu, 2 threads per core) family 6 model 69 stepping 1, cmov, cx8, fxsr, mmx, sse, sse2, sse3, ssse3, sse4.1, sse4.2, popcnt, avx, avx2, aes, clmul, erms, lzcnt, ht, tsc, tscinvbit, bmi1, bmi2

Memory: 4k page, physical 8317080k(3387808k free), swap 9627800k(3657516k free)

vm_info: OpenJDK 64-Bit Server VM (25.112-b06) for windows-amd64 JRE (1.8.0_112-release-b06), built on Dec  8 2016 00:54:26 by "builder" with MS VC++ 10.0 (VS2010)

time: Tue Oct 10 18:11:17 2017
elapsed time: 13820 seconds (0d 3h 50m 20s)

